# JRE version: OpenJDK Runtime Environment Microsoft-8035246 (17.0.8+7) (build 17.0.8+7-LTS)
# Java VM: OpenJDK 64-Bit Server VM Microsoft-8035246 (17.0.8+7-LTS, mixed mode, sharing, tiered, compressed oops, compressed class ptrs, g1 gc, windows-amd64)
GC Precious Log:
 CPUs: 4 total, 4 available
 Memory: 12082M
 Large Page Support: Disabled
 NUMA Support: Disabled
 Compressed Oops: Enabled (32-bit)
 Heap Region Size: 1M
 Heap Min Capacity: 8M
 Heap Initial Capacity: 190M
 Heap Max Capacity: 2G
 Pre-touch: Disabled
 Parallel Workers: 4
 Concurrent Workers: 1
 Concurrent Refinement Workers: 4
 Periodic GC: Disabled
Heap:
 garbage-first heap   total 260096K, used 196221K [0x0000000080000000, 0x0000000100000000)
  region size 1024K, 24 young (24576K), 6 survivors (6144K)
 Metaspace       used 103204K, committed 104320K, reserved 557056K
  class space    used 14232K, committed 14784K, reserved 425984K
GC Heap History (20 events):
Event: 213.144 GC heap before
{Heap before GC invocations=56 (full 0):
 garbage-first heap   total 177152K, used 153762K [0x0000000080000000, 0x0000000100000000)
  region size 1024K, 10 young (10240K), 2 survivors (2048K)
 Metaspace       used 92671K, committed 93632K, reserved 557056K
  class space    used 12915K, committed 13376K, reserved 425984K
}
Event: 213.149 GC heap after
{Heap after GC invocations=57 (full 0):
 garbage-first heap   total 177152K, used 149423K [0x0000000080000000, 0x0000000100000000)
  region size 1024K, 2 young (2048K), 2 survivors (2048K)
 Metaspace       used 92671K, committed 93632K, reserved 557056K
  class space    used 12915K, committed 13376K, reserved 425984K
}
Event: 213.778 GC heap before
{Heap before GC invocations=57 (full 0):
 garbage-first heap   total 177152K, used 155567K [0x0000000080000000, 0x0000000100000000)
  region size 1024K, 8 young (8192K), 2 survivors (2048K)
 Metaspace       used 92772K, committed 93760K, reserved 557056K
  class space    used 12924K, committed 13376K, reserved 425984K
}
Event: 213.789 GC heap after
{Heap after GC invocations=58 (full 0):
 garbage-first heap   total 177152K, used 150208K [0x0000000080000000, 0x0000000100000000)
  region size 1024K, 1 young (1024K), 1 survivors (1024K)
 Metaspace       used 92772K, committed 93760K, reserved 557056K
  class space    used 12924K, committed 13376K, reserved 425984K
}
Event: 215.089 GC heap before
{Heap before GC invocations=59 (full 0):
 garbage-first heap   total 260096K, used 160448K [0x0000000080000000, 0x0000000100000000)
  region size 1024K, 12 young (12288K), 1 survivors (1024K)
 Metaspace       used 93121K, committed 94144K, reserved 557056K
  class space    used 12973K, committed 13440K, reserved 425984K
}
Event: 215.100 GC heap after
{Heap after GC invocations=60 (full 0):
 garbage-first heap   total 260096K, used 151420K [0x0000000080000000, 0x0000000100000000)
  region size 1024K, 2 young (2048K), 2 survivors (2048K)
 Metaspace       used 93121K, committed 94144K, reserved 557056K
  class space    used 12973K, committed 13440K, reserved 425984K
}
Event: 215.570 GC heap before
{Heap before GC invocations=60 (full 0):
 garbage-first heap   total 260096K, used 161660K [0x0000000080000000, 0x0000000100000000)
  region size 1024K, 12 young (12288K), 2 survivors (2048K)
 Metaspace       used 93676K, committed 94720K, reserved 557056K
  class space    used 13050K, committed 13504K, reserved 425984K
}
Event: 215.579 GC heap after
{Heap after GC invocations=61 (full 0):
 garbage-first heap   total 260096K, used 150445K [0x0000000080000000, 0x0000000100000000)
  region size 1024K, 1 young (1024K), 1 survivors (1024K)
 Metaspace       used 93676K, committed 94720K, reserved 557056K
  class space    used 13050K, committed 13504K, reserved 425984K
}
Event: 218.568 GC heap before
{Heap before GC invocations=61 (full 0):
 garbage-first heap   total 260096K, used 197549K [0x0000000080000000, 0x0000000100000000)
  region size 1024K, 47 young (48128K), 1 survivors (1024K)
 Metaspace       used 97650K, committed 98688K, reserved 557056K
  class space    used 13637K, committed 14144K, reserved 425984K
}
Event: 218.583 GC heap after
{Heap after GC invocations=62 (full 0):
 garbage-first heap   total 260096K, used 152435K [0x0000000080000000, 0x0000000100000000)
  region size 1024K, 3 young (3072K), 3 survivors (3072K)
 Metaspace       used 97650K, committed 98688K, reserved 557056K
  class space    used 13637K, committed 14144K, reserved 425984K
}
Event: 224.090 GC heap before
{Heap before GC invocations=62 (full 0):
 garbage-first heap   total 260096K, used 202611K [0x0000000080000000, 0x0000000100000000)
  region size 1024K, 52 young (53248K), 3 survivors (3072K)
 Metaspace       used 99264K, committed 100352K, reserved 557056K
  class space    used 13845K, committed 14336K, reserved 425984K
}
Event: 224.109 GC heap after
{Heap after GC invocations=63 (full 0):
 garbage-first heap   total 260096K, used 158312K [0x0000000080000000, 0x0000000100000000)
  region size 1024K, 7 young (7168K), 7 survivors (7168K)
 Metaspace       used 99264K, committed 100352K, reserved 557056K
  class space    used 13845K, committed 14336K, reserved 425984K
}
Event: 226.917 GC heap before
{Heap before GC invocations=63 (full 0):
 garbage-first heap   total 260096K, used 206440K [0x0000000080000000, 0x0000000100000000)
  region size 1024K, 54 young (55296K), 7 survivors (7168K)
 Metaspace       used 99706K, committed 100800K, reserved 557056K
  class space    used 13875K, committed 14400K, reserved 425984K
}
Event: 226.945 GC heap after
{Heap after GC invocations=64 (full 0):
 garbage-first heap   total 260096K, used 163567K [0x0000000080000000, 0x0000000100000000)
  region size 1024K, 5 young (5120K), 5 survivors (5120K)
 Metaspace       used 99706K, committed 100800K, reserved 557056K
  class space    used 13875K, committed 14400K, reserved 425984K
}
Event: 229.573 GC heap before
{Heap before GC invocations=64 (full 0):
 garbage-first heap   total 260096K, used 213743K [0x0000000080000000, 0x0000000100000000)
  region size 1024K, 50 young (51200K), 5 survivors (5120K)
 Metaspace       used 102099K, committed 103168K, reserved 557056K
  class space    used 14084K, committed 14592K, reserved 425984K
}
Event: 229.595 GC heap after
{Heap after GC invocations=65 (full 0):
 garbage-first heap   total 260096K, used 169876K [0x0000000080000000, 0x0000000100000000)
  region size 1024K, 6 young (6144K), 6 survivors (6144K)
 Metaspace       used 102099K, committed 103168K, reserved 557056K
  class space    used 14084K, committed 14592K, reserved 425984K
}
Event: 233.272 GC heap before
{Heap before GC invocations=65 (full 0):
 garbage-first heap   total 260096K, used 211860K [0x0000000080000000, 0x0000000100000000)
  region size 1024K, 48 young (49152K), 6 survivors (6144K)
 Metaspace       used 102650K, committed 103744K, reserved 557056K
  class space    used 14142K, committed 14656K, reserved 425984K
}
Event: 233.290 GC heap after
{Heap after GC invocations=66 (full 0):
 garbage-first heap   total 260096K, used 174466K [0x0000000080000000, 0x0000000100000000)
  region size 1024K, 5 young (5120K), 5 survivors (5120K)
 Metaspace       used 102650K, committed 103744K, reserved 557056K
  class space    used 14142K, committed 14656K, reserved 425984K
}
Event: 235.020 GC heap before
{Heap before GC invocations=66 (full 0):
 garbage-first heap   total 260096K, used 214402K [0x0000000080000000, 0x0000000100000000)
  region size 1024K, 45 young (46080K), 5 survivors (5120K)
 Metaspace       used 103190K, committed 104320K, reserved 557056K
  class space    used 14232K, committed 14784K, reserved 425984K
}
Event: 235.036 GC heap after
{Heap after GC invocations=67 (full 0):
 garbage-first heap   total 260096K, used 178813K [0x0000000080000000, 0x0000000100000000)
  region size 1024K, 6 young (6144K), 6 survivors (6144K)
 Metaspace       used 103190K, committed 104320K, reserved 557056K
  class space    used 14232K, committed 14784K, reserved 425984K
}

